<?xml version="1.0" encoding="UTF-8"?>
<testng-results skipped="0" failed="1" ignored="0" total="6" passed="5">
  <reporter-output>
  </reporter-output>
  <suite name="Free CRM Application Test Automation test Suite" duration-ms="35087" started-at="2020-05-11T04:36:13Z" finished-at="2020-05-11T04:36:48Z">
    <groups>
    </groups>
    <test name="Free CRM Test Cases" duration-ms="35087" started-at="2020-05-11T04:36:13Z" finished-at="2020-05-11T04:36:48Z">
      <class name="com.crm.qa.testcases.HomePageTest">
        <test-method status="PASS" signature="setup()[pri:0, instance:com.crm.qa.testcases.HomePageTest@5bcab519]" name="setup" is-config="true" duration-ms="6112" started-at="2020-05-11T04:36:17Z" finished-at="2020-05-11T04:36:23Z">
          <reporter-output>
          </reporter-output>
        </test-method> <!-- setup -->
        <test-method status="FAIL" signature="verifyHomePageTitleTest()[pri:1, instance:com.crm.qa.testcases.HomePageTest@5bcab519]" name="verifyHomePageTitleTest" duration-ms="14" started-at="2020-05-11T04:36:23Z" finished-at="2020-05-11T04:36:23Z">
          <exception class="java.lang.AssertionError">
            <message>
              <![CDATA[CRMPRO expected:<CRMPRO> but was:<Home Page Title is not matched>]]>
            </message>
            <full-stacktrace>
              <![CDATA[java.lang.AssertionError: CRMPRO expected:<CRMPRO> but was:<Home Page Title is not matched>
at org.testng.AssertJUnit.assertEquals(AssertJUnit.java:101)
at com.crm.qa.testcases.HomePageTest.verifyHomePageTitleTest(HomePageTest.java:41)
at sun.reflect.NativeMethodAccessorImpl.invoke0(Native Method)
at sun.reflect.NativeMethodAccessorImpl.invoke(NativeMethodAccessorImpl.java:62)
at sun.reflect.DelegatingMethodAccessorImpl.invoke(DelegatingMethodAccessorImpl.java:43)
at java.lang.reflect.Method.invoke(Method.java:497)
at org.testng.internal.MethodInvocationHelper.invokeMethod(MethodInvocationHelper.java:124)
at org.testng.internal.Invoker.invokeMethod(Invoker.java:583)
at org.testng.internal.Invoker.invokeTestMethod(Invoker.java:719)
at org.testng.internal.Invoker.invokeTestMethods(Invoker.java:989)
at org.testng.internal.TestMethodWorker.invokeTestMethods(TestMethodWorker.java:125)
at org.testng.internal.TestMethodWorker.run(TestMethodWorker.java:109)
at org.testng.TestRunner.privateRun(TestRunner.java:648)
at org.testng.TestRunner.run(TestRunner.java:505)
at org.testng.SuiteRunner.runTest(SuiteRunner.java:455)
at org.testng.SuiteRunner.runSequentially(SuiteRunner.java:450)
at org.testng.SuiteRunner.privateRun(SuiteRunner.java:415)
at org.testng.SuiteRunner.run(SuiteRunner.java:364)
at org.testng.SuiteRunnerWorker.runSuite(SuiteRunnerWorker.java:52)
at org.testng.SuiteRunnerWorker.run(SuiteRunnerWorker.java:84)
at org.testng.TestNG.runSuitesSequentially(TestNG.java:1208)
at org.testng.TestNG.runSuitesLocally(TestNG.java:1137)
at org.testng.TestNG.runSuites(TestNG.java:1049)
at org.testng.TestNG.run(TestNG.java:1017)
at org.testng.remote.AbstractRemoteTestNG.run(AbstractRemoteTestNG.java:114)
at org.testng.remote.RemoteTestNG.initAndRun(RemoteTestNG.java:251)
at org.testng.remote.RemoteTestNG.main(RemoteTestNG.java:77)
]]>
            </full-stacktrace>
          </exception> <!-- java.lang.AssertionError -->
          <reporter-output>
          </reporter-output>
        </test-method> <!-- verifyHomePageTitleTest -->
        <test-method status="PASS" signature="tearDown()[pri:0, instance:com.crm.qa.testcases.HomePageTest@5bcab519]" name="tearDown" is-config="true" duration-ms="159" started-at="2020-05-11T04:36:23Z" finished-at="2020-05-11T04:36:23Z">
          <reporter-output>
          </reporter-output>
        </test-method> <!-- tearDown -->
        <test-method status="PASS" signature="setup()[pri:0, instance:com.crm.qa.testcases.HomePageTest@5bcab519]" name="setup" is-config="true" duration-ms="6207" started-at="2020-05-11T04:36:27Z" finished-at="2020-05-11T04:36:33Z">
          <reporter-output>
          </reporter-output>
        </test-method> <!-- setup -->
        <test-method status="PASS" signature="verifyUserNameTest()[pri:2, instance:com.crm.qa.testcases.HomePageTest@5bcab519]" name="verifyUserNameTest" duration-ms="108" started-at="2020-05-11T04:36:33Z" finished-at="2020-05-11T04:36:33Z">
          <reporter-output>
          </reporter-output>
        </test-method> <!-- verifyUserNameTest -->
        <test-method status="PASS" signature="tearDown()[pri:0, instance:com.crm.qa.testcases.HomePageTest@5bcab519]" name="tearDown" is-config="true" duration-ms="162" started-at="2020-05-11T04:36:33Z" finished-at="2020-05-11T04:36:34Z">
          <reporter-output>
          </reporter-output>
        </test-method> <!-- tearDown -->
        <test-method status="PASS" signature="setup()[pri:0, instance:com.crm.qa.testcases.HomePageTest@5bcab519]" name="setup" is-config="true" duration-ms="6186" started-at="2020-05-11T04:36:40Z" finished-at="2020-05-11T04:36:47Z">
          <reporter-output>
          </reporter-output>
        </test-method> <!-- setup -->
        <test-method status="PASS" signature="verifyContactsLinkTest()[pri:3, instance:com.crm.qa.testcases.HomePageTest@5bcab519]" name="verifyContactsLinkTest" duration-ms="885" started-at="2020-05-11T04:36:47Z" finished-at="2020-05-11T04:36:47Z">
          <reporter-output>
          </reporter-output>
        </test-method> <!-- verifyContactsLinkTest -->
        <test-method status="PASS" signature="tearDown()[pri:0, instance:com.crm.qa.testcases.HomePageTest@5bcab519]" name="tearDown" is-config="true" duration-ms="223" started-at="2020-05-11T04:36:47Z" finished-at="2020-05-11T04:36:48Z">
          <reporter-output>
          </reporter-output>
        </test-method> <!-- tearDown -->
      </class> <!-- com.crm.qa.testcases.HomePageTest -->
      <class name="com.crm.qa.testcases.LoginPageTest">
        <test-method status="PASS" signature="setup()[pri:0, instance:com.crm.qa.testcases.LoginPageTest@6fd02e5]" name="setup" is-config="true" duration-ms="4280" started-at="2020-05-11T04:36:13Z" finished-at="2020-05-11T04:36:17Z">
          <reporter-output>
          </reporter-output>
        </test-method> <!-- setup -->
        <test-method status="PASS" signature="loginPageTitleTest()[pri:1, instance:com.crm.qa.testcases.LoginPageTest@6fd02e5]" name="loginPageTitleTest" duration-ms="58" started-at="2020-05-11T04:36:17Z" finished-at="2020-05-11T04:36:17Z">
          <reporter-output>
          </reporter-output>
        </test-method> <!-- loginPageTitleTest -->
        <test-method status="PASS" signature="tearDown()[pri:0, instance:com.crm.qa.testcases.LoginPageTest@6fd02e5]" name="tearDown" is-config="true" duration-ms="139" started-at="2020-05-11T04:36:17Z" finished-at="2020-05-11T04:36:17Z">
          <reporter-output>
          </reporter-output>
        </test-method> <!-- tearDown -->
        <test-method status="PASS" signature="setup()[pri:0, instance:com.crm.qa.testcases.LoginPageTest@6fd02e5]" name="setup" is-config="true" duration-ms="3448" started-at="2020-05-11T04:36:23Z" finished-at="2020-05-11T04:36:27Z">
          <reporter-output>
          </reporter-output>
        </test-method> <!-- setup -->
        <test-method status="PASS" signature="crmLogoTest()[pri:2, instance:com.crm.qa.testcases.LoginPageTest@6fd02e5]" name="crmLogoTest" duration-ms="106" started-at="2020-05-11T04:36:27Z" finished-at="2020-05-11T04:36:27Z">
          <reporter-output>
          </reporter-output>
        </test-method> <!-- crmLogoTest -->
        <test-method status="PASS" signature="tearDown()[pri:0, instance:com.crm.qa.testcases.LoginPageTest@6fd02e5]" name="tearDown" is-config="true" duration-ms="169" started-at="2020-05-11T04:36:27Z" finished-at="2020-05-11T04:36:27Z">
          <reporter-output>
          </reporter-output>
        </test-method> <!-- tearDown -->
        <test-method status="PASS" signature="setup()[pri:0, instance:com.crm.qa.testcases.LoginPageTest@6fd02e5]" name="setup" is-config="true" duration-ms="3531" started-at="2020-05-11T04:36:34Z" finished-at="2020-05-11T04:36:37Z">
          <reporter-output>
          </reporter-output>
        </test-method> <!-- setup -->
        <test-method status="PASS" signature="loginTest()[pri:3, instance:com.crm.qa.testcases.LoginPageTest@6fd02e5]" name="loginTest" duration-ms="3022" started-at="2020-05-11T04:36:37Z" finished-at="2020-05-11T04:36:40Z">
          <reporter-output>
          </reporter-output>
        </test-method> <!-- loginTest -->
        <test-method status="PASS" signature="tearDown()[pri:0, instance:com.crm.qa.testcases.LoginPageTest@6fd02e5]" name="tearDown" is-config="true" duration-ms="202" started-at="2020-05-11T04:36:40Z" finished-at="2020-05-11T04:36:40Z">
          <reporter-output>
          </reporter-output>
        </test-method> <!-- tearDown -->
      </class> <!-- com.crm.qa.testcases.LoginPageTest -->
    </test> <!-- Free CRM Test Cases -->
  </suite> <!-- Free CRM Application Test Automation test Suite -->
</testng-results>
